<?xml version="1.0" encoding="UTF-8"?>
<coverage generated="1597121593176" clover="3.2.0">
  <project timestamp="1597121593176" name="All files">
    <metrics statements="52" coveredstatements="50" conditionals="56" coveredconditionals="51" methods="6" coveredmethods="6" elements="114" coveredelements="107" complexity="0" loc="52" ncloc="52" packages="1" files="1" classes="1"/>
    <file name="ReleaseRetention.js" path="D:\study\leetcode\other\octopus\ReleaseRetention.js">
      <metrics statements="52" coveredstatements="50" conditionals="56" coveredconditionals="51" methods="6" coveredmethods="6"/>
      <line num="3" count="17" type="cond" truecount="13" falsecount="0"/>
      <line num="7" count="9" type="stmt"/>
      <line num="9" count="8" type="stmt"/>
      <line num="12" count="8" type="stmt"/>
      <line num="13" count="62" type="cond" truecount="4" falsecount="0"/>
      <line num="14" count="61" type="stmt"/>
      <line num="15" count="61" type="cond" truecount="2" falsecount="0"/>
      <line num="16" count="61" type="stmt"/>
      <line num="17" count="61" type="stmt"/>
      <line num="20" count="8" type="stmt"/>
      <line num="25" count="8" type="stmt"/>
      <line num="27" count="8" type="stmt"/>
      <line num="28" count="35" type="stmt"/>
      <line num="31" count="35" type="cond" truecount="4" falsecount="0"/>
      <line num="32" count="18" type="stmt"/>
      <line num="33" count="18" type="stmt"/>
      <line num="34" count="23" type="stmt"/>
      <line num="35" count="23" type="stmt"/>
      <line num="37" count="18" type="stmt"/>
      <line num="38" count="18" type="stmt"/>
      <line num="42" count="8" type="stmt"/>
      <line num="46" count="61" type="cond" truecount="3" falsecount="1"/>
      <line num="47" count="61" type="stmt"/>
      <line num="48" count="250" type="cond" truecount="4" falsecount="0"/>
      <line num="50" count="6" type="stmt"/>
      <line num="54" count="61" type="cond" truecount="4" falsecount="1"/>
      <line num="56" count="61" type="cond" truecount="1" falsecount="1"/>
      <line num="57" count="61" type="cond" truecount="1" falsecount="1"/>
      <line num="59" count="61" type="stmt"/>
      <line num="62" count="61" type="stmt"/>
      <line num="65" count="30" type="cond" truecount="4" falsecount="0"/>
      <line num="66" count="2" type="stmt"/>
      <line num="67" count="2" type="stmt"/>
      <line num="70" count="61" type="cond" truecount="2" falsecount="0"/>
      <line num="71" count="59" type="stmt"/>
      <line num="72" count="59" type="cond" truecount="2" falsecount="0"/>
      <line num="73" count="40" type="stmt"/>
      <line num="79" count="19" type="stmt"/>
      <line num="85" count="19" type="stmt"/>
      <line num="86" count="19" type="stmt"/>
      <line num="87" count="19" type="stmt"/>
      <line num="89" count="19" type="stmt"/>
      <line num="90" count="1" type="cond" truecount="1" falsecount="1"/>
      <line num="91" count="0" type="stmt"/>
      <line num="92" count="0" type="stmt"/>
      <line num="95" count="19" type="cond" truecount="2" falsecount="0"/>
      <line num="96" count="16" type="stmt"/>
      <line num="101" count="59" type="stmt"/>
      <line num="102" count="94" type="cond" truecount="2" falsecount="0"/>
      <line num="103" count="85" type="cond" truecount="2" falsecount="0"/>
      <line num="105" count="17" type="stmt"/>
      <line num="108" count="1" type="stmt"/>
    </file>
  </project>
</coverage>
