{"D:\\study\\leetcode\\other\\octopus\\ReleaseRetention.js": {"path":"D:\\study\\leetcode\\other\\octopus\\ReleaseRetention.js","statementMap":{"0":{"start":{"line":3,"column":4},"end":{"line":7,"column":98}},"1":{"start":{"line":7,"column":88},"end":{"line":7,"column":98}},"2":{"start":{"line":9,"column":28},"end":{"line":9,"column":37}},"3":{"start":{"line":12,"column":4},"end":{"line":18,"column":5}},"4":{"start":{"line":13,"column":8},"end":{"line":13,"column":72}},"5":{"start":{"line":13,"column":63},"end":{"line":13,"column":72}},"6":{"start":{"line":14,"column":8},"end":{"line":14,"column":165}},"7":{"start":{"line":15,"column":8},"end":{"line":15,"column":84}},"8":{"start":{"line":16,"column":8},"end":{"line":16,"column":113}},"9":{"start":{"line":17,"column":8},"end":{"line":17,"column":77}},"10":{"start":{"line":20,"column":21},"end":{"line":20,"column":30}},"11":{"start":{"line":25,"column":4},"end":{"line":25,"column":148}},"12":{"start":{"line":27,"column":4},"end":{"line":40,"column":7}},"13":{"start":{"line":28,"column":33},"end":{"line":28,"column":48}},"14":{"start":{"line":31,"column":8},"end":{"line":39,"column":9}},"15":{"start":{"line":32,"column":12},"end":{"line":32,"column":99}},"16":{"start":{"line":33,"column":12},"end":{"line":36,"column":13}},"17":{"start":{"line":34,"column":16},"end":{"line":34,"column":51}},"18":{"start":{"line":35,"column":16},"end":{"line":35,"column":50}},"19":{"start":{"line":37,"column":12},"end":{"line":37,"column":62}},"20":{"start":{"line":38,"column":12},"end":{"line":38,"column":32}},"21":{"start":{"line":42,"column":4},"end":{"line":42,"column":34}},"22":{"start":{"line":46,"column":4},"end":{"line":46,"column":44}},"23":{"start":{"line":46,"column":32},"end":{"line":46,"column":44}},"24":{"start":{"line":47,"column":4},"end":{"line":49,"column":5}},"25":{"start":{"line":48,"column":8},"end":{"line":48,"column":70}},"26":{"start":{"line":48,"column":37},"end":{"line":48,"column":70}},"27":{"start":{"line":50,"column":4},"end":{"line":50,"column":16}},"28":{"start":{"line":54,"column":4},"end":{"line":54,"column":78}},"29":{"start":{"line":54,"column":71},"end":{"line":54,"column":78}},"30":{"start":{"line":56,"column":30},"end":{"line":56,"column":68}},"31":{"start":{"line":57,"column":4},"end":{"line":57,"column":41}},"32":{"start":{"line":57,"column":34},"end":{"line":57,"column":41}},"33":{"start":{"line":59,"column":19},"end":{"line":59,"column":48}},"34":{"start":{"line":62,"column":4},"end":{"line":69,"column":5}},"35":{"start":{"line":65,"column":8},"end":{"line":68,"column":9}},"36":{"start":{"line":66,"column":12},"end":{"line":66,"column":75}},"37":{"start":{"line":67,"column":12},"end":{"line":67,"column":18}},"38":{"start":{"line":70,"column":4},"end":{"line":81,"column":5}},"39":{"start":{"line":71,"column":33},"end":{"line":71,"column":103}},"40":{"start":{"line":72,"column":8},"end":{"line":80,"column":9}},"41":{"start":{"line":73,"column":12},"end":{"line":73,"column":60}},"42":{"start":{"line":79,"column":12},"end":{"line":79,"column":90}},"43":{"start":{"line":85,"column":25},"end":{"line":85,"column":70}},"44":{"start":{"line":86,"column":22},"end":{"line":86,"column":23}},"45":{"start":{"line":87,"column":19},"end":{"line":87,"column":53}},"46":{"start":{"line":89,"column":4},"end":{"line":94,"column":5}},"47":{"start":{"line":89,"column":16},"end":{"line":89,"column":17}},"48":{"start":{"line":90,"column":8},"end":{"line":93,"column":9}},"49":{"start":{"line":91,"column":12},"end":{"line":91,"column":75}},"50":{"start":{"line":92,"column":12},"end":{"line":92,"column":28}},"51":{"start":{"line":95,"column":4},"end":{"line":97,"column":5}},"52":{"start":{"line":96,"column":8},"end":{"line":96,"column":76}},"53":{"start":{"line":101,"column":4},"end":{"line":104,"column":5}},"54":{"start":{"line":102,"column":8},"end":{"line":102,"column":30}},"55":{"start":{"line":102,"column":21},"end":{"line":102,"column":30}},"56":{"start":{"line":103,"column":8},"end":{"line":103,"column":39}},"57":{"start":{"line":103,"column":27},"end":{"line":103,"column":39}},"58":{"start":{"line":105,"column":4},"end":{"line":105,"column":17}},"59":{"start":{"line":108,"column":0},"end":{"line":108,"column":34}}},"fnMap":{"0":{"name":"releaseRetention","decl":{"start":{"line":2,"column":9},"end":{"line":2,"column":25}},"loc":{"start":{"line":2,"column":43},"end":{"line":43,"column":1}},"line":2},"1":{"name":"(anonymous_1)","decl":{"start":{"line":27,"column":30},"end":{"line":27,"column":31}},"loc":{"start":{"line":27,"column":46},"end":{"line":40,"column":5}},"line":27},"2":{"name":"getProjectId","decl":{"start":{"line":45,"column":9},"end":{"line":45,"column":21}},"loc":{"start":{"line":45,"column":43},"end":{"line":51,"column":1}},"line":45},"3":{"name":"insertLatestDeployedReleaseArray","decl":{"start":{"line":53,"column":9},"end":{"line":53,"column":41}},"loc":{"start":{"line":53,"column":86},"end":{"line":82,"column":1}},"line":53},"4":{"name":"replaceLatestDeployedReleaseArray","decl":{"start":{"line":84,"column":9},"end":{"line":84,"column":42}},"loc":{"start":{"line":84,"column":89},"end":{"line":98,"column":1}},"line":84},"5":{"name":"projectEnvironmentIsIdInArray","decl":{"start":{"line":100,"column":9},"end":{"line":100,"column":38}},"loc":{"start":{"line":100,"column":50},"end":{"line":106,"column":1}},"line":100}},"branchMap":{"0":{"loc":{"start":{"line":3,"column":4},"end":{"line":7,"column":98}},"type":"if","locations":[{"start":{"line":3,"column":4},"end":{"line":7,"column":98}},{"start":{"line":3,"column":4},"end":{"line":7,"column":98}}],"line":3},"1":{"loc":{"start":{"line":3,"column":7},"end":{"line":7,"column":86}},"type":"binary-expr","locations":[{"start":{"line":3,"column":7},"end":{"line":3,"column":23}},{"start":{"line":3,"column":27},"end":{"line":3,"column":55}},{"start":{"line":3,"column":59},"end":{"line":3,"column":108}},{"start":{"line":4,"column":8},"end":{"line":4,"column":37}},{"start":{"line":4,"column":41},"end":{"line":4,"column":91}},{"start":{"line":5,"column":8},"end":{"line":5,"column":33}},{"start":{"line":5,"column":37},"end":{"line":5,"column":83}},{"start":{"line":6,"column":8},"end":{"line":6,"column":33}},{"start":{"line":6,"column":37},"end":{"line":6,"column":83}},{"start":{"line":7,"column":8},"end":{"line":7,"column":43}},{"start":{"line":7,"column":47},"end":{"line":7,"column":86}}],"line":3},"2":{"loc":{"start":{"line":13,"column":8},"end":{"line":13,"column":72}},"type":"if","locations":[{"start":{"line":13,"column":8},"end":{"line":13,"column":72}},{"start":{"line":13,"column":8},"end":{"line":13,"column":72}}],"line":13},"3":{"loc":{"start":{"line":13,"column":11},"end":{"line":13,"column":61}},"type":"binary-expr","locations":[{"start":{"line":13,"column":11},"end":{"line":13,"column":32}},{"start":{"line":13,"column":36},"end":{"line":13,"column":61}}],"line":13},"4":{"loc":{"start":{"line":15,"column":33},"end":{"line":15,"column":83}},"type":"binary-expr","locations":[{"start":{"line":15,"column":33},"end":{"line":15,"column":77}},{"start":{"line":15,"column":81},"end":{"line":15,"column":83}}],"line":15},"5":{"loc":{"start":{"line":31,"column":8},"end":{"line":39,"column":9}},"type":"if","locations":[{"start":{"line":31,"column":8},"end":{"line":39,"column":9}},{"start":{"line":31,"column":8},"end":{"line":39,"column":9}}],"line":31},"6":{"loc":{"start":{"line":31,"column":11},"end":{"line":31,"column":193}},"type":"binary-expr","locations":[{"start":{"line":31,"column":11},"end":{"line":31,"column":96}},{"start":{"line":31,"column":100},"end":{"line":31,"column":193}}],"line":31},"7":{"loc":{"start":{"line":46,"column":4},"end":{"line":46,"column":44}},"type":"if","locations":[{"start":{"line":46,"column":4},"end":{"line":46,"column":44}},{"start":{"line":46,"column":4},"end":{"line":46,"column":44}}],"line":46},"8":{"loc":{"start":{"line":46,"column":7},"end":{"line":46,"column":30}},"type":"binary-expr","locations":[{"start":{"line":46,"column":7},"end":{"line":46,"column":16}},{"start":{"line":46,"column":20},"end":{"line":46,"column":30}}],"line":46},"9":{"loc":{"start":{"line":48,"column":8},"end":{"line":48,"column":70}},"type":"if","locations":[{"start":{"line":48,"column":8},"end":{"line":48,"column":70}},{"start":{"line":48,"column":8},"end":{"line":48,"column":70}}],"line":48},"10":{"loc":{"start":{"line":48,"column":44},"end":{"line":48,"column":69}},"type":"binary-expr","locations":[{"start":{"line":48,"column":44},"end":{"line":48,"column":61}},{"start":{"line":48,"column":65},"end":{"line":48,"column":69}}],"line":48},"11":{"loc":{"start":{"line":54,"column":4},"end":{"line":54,"column":78}},"type":"if","locations":[{"start":{"line":54,"column":4},"end":{"line":54,"column":78}},{"start":{"line":54,"column":4},"end":{"line":54,"column":78}}],"line":54},"12":{"loc":{"start":{"line":54,"column":7},"end":{"line":54,"column":69}},"type":"binary-expr","locations":[{"start":{"line":54,"column":7},"end":{"line":54,"column":18}},{"start":{"line":54,"column":22},"end":{"line":54,"column":43}},{"start":{"line":54,"column":47},"end":{"line":54,"column":69}}],"line":54},"13":{"loc":{"start":{"line":56,"column":30},"end":{"line":56,"column":68}},"type":"binary-expr","locations":[{"start":{"line":56,"column":30},"end":{"line":56,"column":63}},{"start":{"line":56,"column":67},"end":{"line":56,"column":68}}],"line":56},"14":{"loc":{"start":{"line":57,"column":4},"end":{"line":57,"column":41}},"type":"if","locations":[{"start":{"line":57,"column":4},"end":{"line":57,"column":41}},{"start":{"line":57,"column":4},"end":{"line":57,"column":41}}],"line":57},"15":{"loc":{"start":{"line":65,"column":8},"end":{"line":68,"column":9}},"type":"if","locations":[{"start":{"line":65,"column":8},"end":{"line":68,"column":9}},{"start":{"line":65,"column":8},"end":{"line":68,"column":9}}],"line":65},"16":{"loc":{"start":{"line":65,"column":11},"end":{"line":65,"column":137}},"type":"binary-expr","locations":[{"start":{"line":65,"column":11},"end":{"line":65,"column":71}},{"start":{"line":65,"column":75},"end":{"line":65,"column":137}}],"line":65},"17":{"loc":{"start":{"line":70,"column":4},"end":{"line":81,"column":5}},"type":"if","locations":[{"start":{"line":70,"column":4},"end":{"line":81,"column":5}},{"start":{"line":70,"column":4},"end":{"line":81,"column":5}}],"line":70},"18":{"loc":{"start":{"line":72,"column":8},"end":{"line":80,"column":9}},"type":"if","locations":[{"start":{"line":72,"column":8},"end":{"line":80,"column":9}},{"start":{"line":72,"column":8},"end":{"line":80,"column":9}}],"line":72},"19":{"loc":{"start":{"line":90,"column":8},"end":{"line":93,"column":9}},"type":"if","locations":[{"start":{"line":90,"column":8},"end":{"line":93,"column":9}},{"start":{"line":90,"column":8},"end":{"line":93,"column":9}}],"line":90},"20":{"loc":{"start":{"line":95,"column":4},"end":{"line":97,"column":5}},"type":"if","locations":[{"start":{"line":95,"column":4},"end":{"line":97,"column":5}},{"start":{"line":95,"column":4},"end":{"line":97,"column":5}}],"line":95},"21":{"loc":{"start":{"line":102,"column":8},"end":{"line":102,"column":30}},"type":"if","locations":[{"start":{"line":102,"column":8},"end":{"line":102,"column":30}},{"start":{"line":102,"column":8},"end":{"line":102,"column":30}}],"line":102},"22":{"loc":{"start":{"line":103,"column":8},"end":{"line":103,"column":39}},"type":"if","locations":[{"start":{"line":103,"column":8},"end":{"line":103,"column":39}},{"start":{"line":103,"column":8},"end":{"line":103,"column":39}}],"line":103}},"s":{"0":17,"1":9,"2":8,"3":8,"4":62,"5":1,"6":61,"7":61,"8":61,"9":61,"10":8,"11":8,"12":8,"13":35,"14":35,"15":18,"16":18,"17":23,"18":23,"19":18,"20":18,"21":8,"22":61,"23":0,"24":61,"25":250,"26":55,"27":6,"28":61,"29":0,"30":61,"31":61,"32":0,"33":61,"34":61,"35":30,"36":2,"37":2,"38":61,"39":59,"40":59,"41":40,"42":19,"43":19,"44":19,"45":19,"46":19,"47":19,"48":1,"49":0,"50":0,"51":19,"52":16,"53":59,"54":94,"55":9,"56":85,"57":42,"58":17,"59":1},"f":{"0":17,"1":35,"2":61,"3":61,"4":19,"5":59},"b":{"0":[9,8],"1":[17,17,17,16,15,14,13,12,11,10,8],"2":[1,61],"3":[62,61],"4":[61,35],"5":[18,17],"6":[35,24],"7":[0,61],"8":[61,61],"9":[55,195],"10":[55,3],"11":[0,61],"12":[61,61,61],"13":[61,0],"14":[0,61],"15":[2,28],"16":[30,2],"17":[59,2],"18":[40,19],"19":[0,1],"20":[16,3],"21":[9,85],"22":[42,43]},"_coverageSchema":"1a1c01bbd47fc00a2c39e90264f33305004495a9","hash":"29467bb63a195be6ae72ddecf9e1ca7d330c7b8f"}
}
