TN:
SF:ReleaseRetention.js
FN:2,releaseRetention
FN:27,(anonymous_1)
FN:45,getProjectId
FN:53,insertLatestDeployedReleaseArray
FN:84,replaceLatestDeployedReleaseArray
FN:100,projectEnvironmentIsIdInArray
FNF:6
FNH:6
FNDA:17,releaseRetention
FNDA:35,(anonymous_1)
FNDA:61,getProjectId
FNDA:61,insertLatestDeployedReleaseArray
FNDA:19,replaceLatestDeployedReleaseArray
FNDA:59,projectEnvironmentIsIdInArray
DA:3,17
DA:7,9
DA:9,8
DA:12,8
DA:13,62
DA:14,61
DA:15,61
DA:16,61
DA:17,61
DA:20,8
DA:25,8
DA:27,8
DA:28,35
DA:31,35
DA:32,18
DA:33,18
DA:34,23
DA:35,23
DA:37,18
DA:38,18
DA:42,8
DA:46,61
DA:47,61
DA:48,250
DA:50,6
DA:54,61
DA:56,61
DA:57,61
DA:59,61
DA:62,61
DA:65,30
DA:66,2
DA:67,2
DA:70,61
DA:71,59
DA:72,59
DA:73,40
DA:79,19
DA:85,19
DA:86,19
DA:87,19
DA:89,19
DA:90,1
DA:91,0
DA:92,0
DA:95,19
DA:96,16
DA:101,59
DA:102,94
DA:103,85
DA:105,17
DA:108,1
LF:52
LH:50
BRDA:3,0,0,9
BRDA:3,0,1,8
BRDA:3,1,0,17
BRDA:3,1,1,17
BRDA:3,1,2,17
BRDA:3,1,3,16
BRDA:3,1,4,15
BRDA:3,1,5,14
BRDA:3,1,6,13
BRDA:3,1,7,12
BRDA:3,1,8,11
BRDA:3,1,9,10
BRDA:3,1,10,8
BRDA:13,2,0,1
BRDA:13,2,1,61
BRDA:13,3,0,62
BRDA:13,3,1,61
BRDA:15,4,0,61
BRDA:15,4,1,35
BRDA:31,5,0,18
BRDA:31,5,1,17
BRDA:31,6,0,35
BRDA:31,6,1,24
BRDA:46,7,0,0
BRDA:46,7,1,61
BRDA:46,8,0,61
BRDA:46,8,1,61
BRDA:48,9,0,55
BRDA:48,9,1,195
BRDA:48,10,0,55
BRDA:48,10,1,3
BRDA:54,11,0,0
BRDA:54,11,1,61
BRDA:54,12,0,61
BRDA:54,12,1,61
BRDA:54,12,2,61
BRDA:56,13,0,61
BRDA:56,13,1,0
BRDA:57,14,0,0
BRDA:57,14,1,61
BRDA:65,15,0,2
BRDA:65,15,1,28
BRDA:65,16,0,30
BRDA:65,16,1,2
BRDA:70,17,0,59
BRDA:70,17,1,2
BRDA:72,18,0,40
BRDA:72,18,1,19
BRDA:90,19,0,0
BRDA:90,19,1,1
BRDA:95,20,0,16
BRDA:95,20,1,3
BRDA:102,21,0,9
BRDA:102,21,1,85
BRDA:103,22,0,42
BRDA:103,22,1,43
BRF:56
BRH:51
end_of_record
